[debug] [2021-01-10T11:16:33.837Z] ----------------------------------------------------------------------
[debug] [2021-01-10T11:16:33.839Z] Command:       C:\Program Files\nodejs\node.exe C:\Users\Administrator\AppData\Roaming\npm\node_modules\firebase-tools\lib\bin\firebase.js emulators:start
[debug] [2021-01-10T11:16:33.839Z] CLI Version:   9.1.0
[debug] [2021-01-10T11:16:33.839Z] Platform:      win32
[debug] [2021-01-10T11:16:33.839Z] Node Version:  v10.16.0
[debug] [2021-01-10T11:16:33.840Z] Time:          Sun Jan 10 2021 12:16:33 GMT+0100 (Central European Standard Time)
[debug] [2021-01-10T11:16:33.840Z] ----------------------------------------------------------------------
[debug] [2021-01-10T11:16:33.840Z] 
[debug] [2021-01-10T11:16:33.843Z] >>> [apiv2][query] GET https://firebase-public.firebaseio.com/cli.json [none]
[debug] [2021-01-10T11:16:33.864Z] > command requires scopes: ["email","openid","https://www.googleapis.com/auth/cloudplatformprojects.readonly","https://www.googleapis.com/auth/firebase","https://www.googleapis.com/auth/cloud-platform"]
[debug] [2021-01-10T11:16:33.865Z] > authorizing via signed-in user
[info] i  emulators: Starting emulators: functions {"metadata":{"emulator":{"name":"hub"},"message":"Starting emulators: functions"}}
[debug] [2021-01-10T11:16:34.577Z] <<< [apiv2][status] GET https://firebase-public.firebaseio.com/cli.json 200
[debug] [2021-01-10T11:16:34.578Z] <<< [apiv2][body] GET https://firebase-public.firebaseio.com/cli.json {"cloudBuildErrorAfter":1594252800000,"cloudBuildWarnAfter":1590019200000,"defaultNode10After":1594252800000,"minVersion":"3.0.5","node8DeploysDisabledAfter":1613390400000,"node8RuntimeDisabledAfter":1615809600000,"node8WarnAfter":1600128000000}
[debug] [2021-01-10T11:16:35.882Z] [hub] writing locator at C:\Users\ADMINI~1\AppData\Local\Temp\hub-ba-d4cd7.json
[warn] !  functions: The following emulators are not running, calls to these services from the Functions emulator will affect production: auth, firestore, database, hosting, pubsub {"metadata":{"emulator":{"name":"functions"},"message":"The following emulators are not running, calls to these services from the Functions emulator will affect production: \u001b[1mauth, firestore, database, hosting, pubsub\u001b[22m"}}
[info] +  functions: Using node@10 from host. {"metadata":{"emulator":{"name":"functions"},"message":"Using node@10 from host."}}
[debug] [2021-01-10T11:16:37.901Z] defaultcredentials: writing to file C:\Users\Administrator\AppData\Roaming\firebase\bajramovicbenjamin91_gmail_com_application_default_credentials.json
[debug] [2021-01-10T11:16:37.904Z] Setting GAC to C:\Users\Administrator\AppData\Roaming\firebase\bajramovicbenjamin91_gmail_com_application_default_credentials.json {"metadata":{"emulator":{"name":"functions"},"message":"Setting GAC to C:\\Users\\Administrator\\AppData\\Roaming\\firebase\\bajramovicbenjamin91_gmail_com_application_default_credentials.json"}}
[warn] !  ui: Emulator UI unable to start on port 4000, starting on 4002 instead. {"metadata":{"emulator":{"name":"ui"},"message":"Emulator UI unable to start on port 4000, starting on 4002 instead."}}
[debug] [2021-01-10T11:16:39.945Z] Ignoring unsupported arg: auto_download {"metadata":{"emulator":{"name":"ui"},"message":"Ignoring unsupported arg: auto_download"}}
[debug] [2021-01-10T11:16:39.945Z] Ignoring unsupported arg: port {"metadata":{"emulator":{"name":"ui"},"message":"Ignoring unsupported arg: port"}}
[debug] [2021-01-10T11:16:39.946Z] Starting Emulator UI with command {"binary":"node","args":["C:\\Users\\Administrator\\.cache\\firebase\\emulators\\ui-v1.4.1\\server.bundle.js"],"optionalArgs":[],"joinArgs":false} {"metadata":{"emulator":{"name":"ui"},"message":"Starting Emulator UI with command {\"binary\":\"node\",\"args\":[\"C:\\\\Users\\\\Administrator\\\\.cache\\\\firebase\\\\emulators\\\\ui-v1.4.1\\\\server.bundle.js\"],\"optionalArgs\":[],\"joinArgs\":false}"}}
[info] i  ui: Emulator UI logging to ui-debug.log {"metadata":{"emulator":{"name":"ui"},"message":"Emulator UI logging to \u001b[1mui-debug.log\u001b[22m"}}
[debug] [2021-01-10T11:16:40.101Z] Web / API server started at http://localhost:4002
 {"metadata":{"emulator":{"name":"ui"},"message":"Web / API server started at http://localhost:4002\n"}}
[info] i  functions: Watching "C:\Users\Administrator\Desktop\AMAZON\amazon-ba\functions" for Cloud Functions... {"metadata":{"emulator":{"name":"functions"},"message":"Watching \"C:\\Users\\Administrator\\Desktop\\AMAZON\\amazon-ba\\functions\" for Cloud Functions..."}}
[debug] [2021-01-10T11:16:40.475Z] [worker-pool] addWorker(~diagnostic~) {"metadata":{"emulator":{"name":"functions"},"message":"[worker-pool] addWorker(~diagnostic~)"}}
[debug] [2021-01-10T11:16:40.475Z] [worker-pool] Adding worker with key ~diagnostic~, total=1 {"metadata":{"emulator":{"name":"functions"},"message":"[worker-pool] Adding worker with key ~diagnostic~, total=1"}}
[debug] [2021-01-10T11:16:40.476Z] [worker-pool] submitWork(triggerId=) {"metadata":{"emulator":{"name":"functions"},"message":"[worker-pool] submitWork(triggerId=)"}}
[debug] [2021-01-10T11:16:40.476Z] [worker-~diagnostic~-52c76fcc-60ad-4881-949f-24f7262fa5f5]: Assigning socketPath: \\?\pipe\C:\Users\Administrator\Desktop\AMAZON\amazon-ba\functions\14832 {"metadata":{"emulator":{"name":"functions"},"message":"[worker-~diagnostic~-52c76fcc-60ad-4881-949f-24f7262fa5f5]: Assigning socketPath: \\\\?\\pipe\\C:\\Users\\Administrator\\Desktop\\AMAZON\\amazon-ba\\functions\\14832"}}
[debug] [2021-01-10T11:16:40.476Z] [worker-~diagnostic~-52c76fcc-60ad-4881-949f-24f7262fa5f5]: BUSY {"metadata":{"emulator":{"name":"functions"},"message":"[worker-~diagnostic~-52c76fcc-60ad-4881-949f-24f7262fa5f5]: BUSY"}}
[debug] [2021-01-10T11:16:40.713Z] [runtime-status] [14832] Functions runtime initialized. {"cwd":"C:\\Users\\Administrator\\Desktop\\AMAZON\\amazon-ba\\functions","node_version":"10.16.0"} {"metadata":{"emulator":{"name":"functions"},"message":"[runtime-status] [14832] Functions runtime initialized. {\"cwd\":\"C:\\\\Users\\\\Administrator\\\\Desktop\\\\AMAZON\\\\amazon-ba\\\\functions\",\"node_version\":\"10.16.0\"}"}}
[debug] [2021-01-10T11:16:40.714Z] [runtime-status] [14832] Disabled runtime features: undefined {"metadata":{"emulator":{"name":"functions"},"message":"[runtime-status] [14832] Disabled runtime features: undefined"}}
[debug] [2021-01-10T11:16:40.719Z] [runtime-status] [14832] Resolved module firebase-admin {"declared":true,"installed":true,"version":"9.4.2","resolution":"C:\\Users\\Administrator\\Desktop\\AMAZON\\amazon-ba\\functions\\node_modules\\firebase-admin\\lib\\index.js"} {"metadata":{"emulator":{"name":"functions"},"message":"[runtime-status] [14832] Resolved module firebase-admin {\"declared\":true,\"installed\":true,\"version\":\"9.4.2\",\"resolution\":\"C:\\\\Users\\\\Administrator\\\\Desktop\\\\AMAZON\\\\amazon-ba\\\\functions\\\\node_modules\\\\firebase-admin\\\\lib\\\\index.js\"}"}}
[debug] [2021-01-10T11:16:40.721Z] [runtime-status] [14832] Resolved module firebase-functions {"declared":true,"installed":true,"version":"3.13.0","resolution":"C:\\Users\\Administrator\\Desktop\\AMAZON\\amazon-ba\\functions\\node_modules\\firebase-functions\\lib\\index.js"} {"metadata":{"emulator":{"name":"functions"},"message":"[runtime-status] [14832] Resolved module firebase-functions {\"declared\":true,\"installed\":true,\"version\":\"3.13.0\",\"resolution\":\"C:\\\\Users\\\\Administrator\\\\Desktop\\\\AMAZON\\\\amazon-ba\\\\functions\\\\node_modules\\\\firebase-functions\\\\lib\\\\index.js\"}"}}
[debug] [2021-01-10T11:16:40.722Z] [runtime-status] [14832] Resolved module firebase-functions {"declared":true,"installed":true,"version":"3.13.0","resolution":"C:\\Users\\Administrator\\Desktop\\AMAZON\\amazon-ba\\functions\\node_modules\\firebase-functions\\lib\\index.js"} {"metadata":{"emulator":{"name":"functions"},"message":"[runtime-status] [14832] Resolved module firebase-functions {\"declared\":true,\"installed\":true,\"version\":\"3.13.0\",\"resolution\":\"C:\\\\Users\\\\Administrator\\\\Desktop\\\\AMAZON\\\\amazon-ba\\\\functions\\\\node_modules\\\\firebase-functions\\\\lib\\\\index.js\"}"}}
[debug] [2021-01-10T11:16:40.725Z] [runtime-status] [14832] Outgoing network have been stubbed. [{"name":"http","status":"mocked"},{"name":"http","status":"mocked"},{"name":"https","status":"mocked"},{"name":"https","status":"mocked"},{"name":"net","status":"mocked"}] {"metadata":{"emulator":{"name":"functions"},"message":"[runtime-status] [14832] Outgoing network have been stubbed. [{\"name\":\"http\",\"status\":\"mocked\"},{\"name\":\"http\",\"status\":\"mocked\"},{\"name\":\"https\",\"status\":\"mocked\"},{\"name\":\"https\",\"status\":\"mocked\"},{\"name\":\"net\",\"status\":\"mocked\"}]"}}
[debug] [2021-01-10T11:16:40.726Z] [runtime-status] [14832] Resolved module firebase-functions {"declared":true,"installed":true,"version":"3.13.0","resolution":"C:\\Users\\Administrator\\Desktop\\AMAZON\\amazon-ba\\functions\\node_modules\\firebase-functions\\lib\\index.js"} {"metadata":{"emulator":{"name":"functions"},"message":"[runtime-status] [14832] Resolved module firebase-functions {\"declared\":true,\"installed\":true,\"version\":\"3.13.0\",\"resolution\":\"C:\\\\Users\\\\Administrator\\\\Desktop\\\\AMAZON\\\\amazon-ba\\\\functions\\\\node_modules\\\\firebase-functions\\\\lib\\\\index.js\"}"}}
[debug] [2021-01-10T11:16:40.782Z] [runtime-status] [14832] Checked functions.config() {"config":{}} {"metadata":{"emulator":{"name":"functions"},"message":"[runtime-status] [14832] Checked functions.config() {\"config\":{}}"}}
[debug] [2021-01-10T11:16:40.782Z] [runtime-status] [14832] firebase-functions has been stubbed. {"functionsResolution":{"declared":true,"installed":true,"version":"3.13.0","resolution":"C:\\Users\\Administrator\\Desktop\\AMAZON\\amazon-ba\\functions\\node_modules\\firebase-functions\\lib\\index.js"}} {"metadata":{"emulator":{"name":"functions"},"message":"[runtime-status] [14832] firebase-functions has been stubbed. {\"functionsResolution\":{\"declared\":true,\"installed\":true,\"version\":\"3.13.0\",\"resolution\":\"C:\\\\Users\\\\Administrator\\\\Desktop\\\\AMAZON\\\\amazon-ba\\\\functions\\\\node_modules\\\\firebase-functions\\\\lib\\\\index.js\"}}"}}
[debug] [2021-01-10T11:16:40.782Z] [runtime-status] [14832] Resolved module firebase-functions {"declared":true,"installed":true,"version":"3.13.0","resolution":"C:\\Users\\Administrator\\Desktop\\AMAZON\\amazon-ba\\functions\\node_modules\\firebase-functions\\lib\\index.js"} {"metadata":{"emulator":{"name":"functions"},"message":"[runtime-status] [14832] Resolved module firebase-functions {\"declared\":true,\"installed\":true,\"version\":\"3.13.0\",\"resolution\":\"C:\\\\Users\\\\Administrator\\\\Desktop\\\\AMAZON\\\\amazon-ba\\\\functions\\\\node_modules\\\\firebase-functions\\\\lib\\\\index.js\"}"}}
[debug] [2021-01-10T11:16:40.783Z] [runtime-status] [14832] Resolved module firebase-admin {"declared":true,"installed":true,"version":"9.4.2","resolution":"C:\\Users\\Administrator\\Desktop\\AMAZON\\amazon-ba\\functions\\node_modules\\firebase-admin\\lib\\index.js"} {"metadata":{"emulator":{"name":"functions"},"message":"[runtime-status] [14832] Resolved module firebase-admin {\"declared\":true,\"installed\":true,\"version\":\"9.4.2\",\"resolution\":\"C:\\\\Users\\\\Administrator\\\\Desktop\\\\AMAZON\\\\amazon-ba\\\\functions\\\\node_modules\\\\firebase-admin\\\\lib\\\\index.js\"}"}}
[debug] [2021-01-10T11:16:40.783Z] [runtime-status] [14832] Resolved module firebase-functions {"declared":true,"installed":true,"version":"3.13.0","resolution":"C:\\Users\\Administrator\\Desktop\\AMAZON\\amazon-ba\\functions\\node_modules\\firebase-functions\\lib\\index.js"} {"metadata":{"emulator":{"name":"functions"},"message":"[runtime-status] [14832] Resolved module firebase-functions {\"declared\":true,\"installed\":true,\"version\":\"3.13.0\",\"resolution\":\"C:\\\\Users\\\\Administrator\\\\Desktop\\\\AMAZON\\\\amazon-ba\\\\functions\\\\node_modules\\\\firebase-functions\\\\lib\\\\index.js\"}"}}
[debug] [2021-01-10T11:16:40.784Z] [runtime-status] [14832] firebase-admin has been stubbed. {"adminResolution":{"declared":true,"installed":true,"version":"9.4.2","resolution":"C:\\Users\\Administrator\\Desktop\\AMAZON\\amazon-ba\\functions\\node_modules\\firebase-admin\\lib\\index.js"}} {"metadata":{"emulator":{"name":"functions"},"message":"[runtime-status] [14832] firebase-admin has been stubbed. {\"adminResolution\":{\"declared\":true,\"installed\":true,\"version\":\"9.4.2\",\"resolution\":\"C:\\\\Users\\\\Administrator\\\\Desktop\\\\AMAZON\\\\amazon-ba\\\\functions\\\\node_modules\\\\firebase-admin\\\\lib\\\\index.js\"}}"}}
[info] +  functions[api]: http function initialized (http://localhost:5001/ba-d4cd7/us-central1/api). {"metadata":{"emulator":{"name":"functions"},"message":"\u001b[1mhttp\u001b[22m function initialized (http://localhost:5001/ba-d4cd7/us-central1/api)."}}
[info] 
┌─────────────────────────────────────────────────────────────┐
│ ✔  All emulators ready! It is now safe to connect your app. │
│ i  View Emulator UI at http://localhost:4002                │
└─────────────────────────────────────────────────────────────┘

┌───────────┬────────────────┬─────────────────────────────────┐
│ Emulator  │ Host:Port      │ View in Emulator UI             │
├───────────┼────────────────┼─────────────────────────────────┤
│ Functions │ localhost:5001 │ http://localhost:4002/functions │
└───────────┴────────────────┴─────────────────────────────────┘
  Emulator Hub running at localhost:4400
  Other reserved ports: 4500

Issues? Report them at https://github.com/firebase/firebase-tools/issues and attach the *-debug.log files.
 
[debug] [2021-01-10T11:16:40.966Z] [worker-~diagnostic~-52c76fcc-60ad-4881-949f-24f7262fa5f5]: IDLE {"metadata":{"emulator":{"name":"functions"},"message":"[worker-~diagnostic~-52c76fcc-60ad-4881-949f-24f7262fa5f5]: IDLE"}}
[debug] [2021-01-10T11:17:12.692Z] [work-queue] {"queueLength":1,"workRunningCount":0}
[debug] [2021-01-10T11:17:12.692Z] [work-queue] {"queueLength":0,"workRunningCount":1}
[debug] [2021-01-10T11:17:12.693Z] Accepted request GET /ba-d4cd7/us-central1/api --> api
[debug] [2021-01-10T11:17:12.696Z] [worker-pool] addWorker(api) {"metadata":{"emulator":{"name":"functions"},"message":"[worker-pool] addWorker(api)"}}
[debug] [2021-01-10T11:17:12.696Z] [worker-pool] Adding worker with key api, total=1 {"metadata":{"emulator":{"name":"functions"},"message":"[worker-pool] Adding worker with key api, total=1"}}
[debug] [2021-01-10T11:17:12.696Z] [worker-pool] submitWork(triggerId=api) {"metadata":{"emulator":{"name":"functions"},"message":"[worker-pool] submitWork(triggerId=api)"}}
[debug] [2021-01-10T11:17:12.696Z] [worker-api-e02248ed-9d04-4716-855e-4f6435cb4343]: Assigning socketPath: \\?\pipe\C:\Users\Administrator\Desktop\AMAZON\amazon-ba\functions\7104 {"metadata":{"emulator":{"name":"functions"},"message":"[worker-api-e02248ed-9d04-4716-855e-4f6435cb4343]: Assigning socketPath: \\\\?\\pipe\\C:\\Users\\Administrator\\Desktop\\AMAZON\\amazon-ba\\functions\\7104"}}
[debug] [2021-01-10T11:17:12.697Z] [worker-api-e02248ed-9d04-4716-855e-4f6435cb4343]: BUSY {"metadata":{"emulator":{"name":"functions"},"message":"[worker-api-e02248ed-9d04-4716-855e-4f6435cb4343]: BUSY"}}
[debug] [2021-01-10T11:17:12.932Z] [runtime-status] [7104] Functions runtime initialized. {"cwd":"C:\\Users\\Administrator\\Desktop\\AMAZON\\amazon-ba\\functions","node_version":"10.16.0"} {"metadata":{"emulator":{"name":"functions"},"function":{"name":"api"},"message":"[runtime-status] [7104] Functions runtime initialized. {\"cwd\":\"C:\\\\Users\\\\Administrator\\\\Desktop\\\\AMAZON\\\\amazon-ba\\\\functions\",\"node_version\":\"10.16.0\"}"}}
[debug] [2021-01-10T11:17:12.934Z] [runtime-status] [7104] Disabled runtime features: undefined {"metadata":{"emulator":{"name":"functions"},"function":{"name":"api"},"message":"[runtime-status] [7104] Disabled runtime features: undefined"}}
[debug] [2021-01-10T11:17:12.938Z] [runtime-status] [7104] Resolved module firebase-admin {"declared":true,"installed":true,"version":"9.4.2","resolution":"C:\\Users\\Administrator\\Desktop\\AMAZON\\amazon-ba\\functions\\node_modules\\firebase-admin\\lib\\index.js"} {"metadata":{"emulator":{"name":"functions"},"function":{"name":"api"},"message":"[runtime-status] [7104] Resolved module firebase-admin {\"declared\":true,\"installed\":true,\"version\":\"9.4.2\",\"resolution\":\"C:\\\\Users\\\\Administrator\\\\Desktop\\\\AMAZON\\\\amazon-ba\\\\functions\\\\node_modules\\\\firebase-admin\\\\lib\\\\index.js\"}"}}
[debug] [2021-01-10T11:17:12.940Z] [runtime-status] [7104] Resolved module firebase-functions {"declared":true,"installed":true,"version":"3.13.0","resolution":"C:\\Users\\Administrator\\Desktop\\AMAZON\\amazon-ba\\functions\\node_modules\\firebase-functions\\lib\\index.js"} {"metadata":{"emulator":{"name":"functions"},"function":{"name":"api"},"message":"[runtime-status] [7104] Resolved module firebase-functions {\"declared\":true,\"installed\":true,\"version\":\"3.13.0\",\"resolution\":\"C:\\\\Users\\\\Administrator\\\\Desktop\\\\AMAZON\\\\amazon-ba\\\\functions\\\\node_modules\\\\firebase-functions\\\\lib\\\\index.js\"}"}}
[debug] [2021-01-10T11:17:12.941Z] [runtime-status] [7104] Resolved module firebase-functions {"declared":true,"installed":true,"version":"3.13.0","resolution":"C:\\Users\\Administrator\\Desktop\\AMAZON\\amazon-ba\\functions\\node_modules\\firebase-functions\\lib\\index.js"} {"metadata":{"emulator":{"name":"functions"},"function":{"name":"api"},"message":"[runtime-status] [7104] Resolved module firebase-functions {\"declared\":true,\"installed\":true,\"version\":\"3.13.0\",\"resolution\":\"C:\\\\Users\\\\Administrator\\\\Desktop\\\\AMAZON\\\\amazon-ba\\\\functions\\\\node_modules\\\\firebase-functions\\\\lib\\\\index.js\"}"}}
[debug] [2021-01-10T11:17:12.944Z] [runtime-status] [7104] Outgoing network have been stubbed. [{"name":"http","status":"mocked"},{"name":"http","status":"mocked"},{"name":"https","status":"mocked"},{"name":"https","status":"mocked"},{"name":"net","status":"mocked"}] {"metadata":{"emulator":{"name":"functions"},"function":{"name":"api"},"message":"[runtime-status] [7104] Outgoing network have been stubbed. [{\"name\":\"http\",\"status\":\"mocked\"},{\"name\":\"http\",\"status\":\"mocked\"},{\"name\":\"https\",\"status\":\"mocked\"},{\"name\":\"https\",\"status\":\"mocked\"},{\"name\":\"net\",\"status\":\"mocked\"}]"}}
[debug] [2021-01-10T11:17:12.945Z] [runtime-status] [7104] Resolved module firebase-functions {"declared":true,"installed":true,"version":"3.13.0","resolution":"C:\\Users\\Administrator\\Desktop\\AMAZON\\amazon-ba\\functions\\node_modules\\firebase-functions\\lib\\index.js"} {"metadata":{"emulator":{"name":"functions"},"function":{"name":"api"},"message":"[runtime-status] [7104] Resolved module firebase-functions {\"declared\":true,\"installed\":true,\"version\":\"3.13.0\",\"resolution\":\"C:\\\\Users\\\\Administrator\\\\Desktop\\\\AMAZON\\\\amazon-ba\\\\functions\\\\node_modules\\\\firebase-functions\\\\lib\\\\index.js\"}"}}
[debug] [2021-01-10T11:17:12.990Z] [runtime-status] [7104] Checked functions.config() {"config":{}} {"metadata":{"emulator":{"name":"functions"},"function":{"name":"api"},"message":"[runtime-status] [7104] Checked functions.config() {\"config\":{}}"}}
[debug] [2021-01-10T11:17:12.990Z] [runtime-status] [7104] firebase-functions has been stubbed. {"functionsResolution":{"declared":true,"installed":true,"version":"3.13.0","resolution":"C:\\Users\\Administrator\\Desktop\\AMAZON\\amazon-ba\\functions\\node_modules\\firebase-functions\\lib\\index.js"}} {"metadata":{"emulator":{"name":"functions"},"function":{"name":"api"},"message":"[runtime-status] [7104] firebase-functions has been stubbed. {\"functionsResolution\":{\"declared\":true,\"installed\":true,\"version\":\"3.13.0\",\"resolution\":\"C:\\\\Users\\\\Administrator\\\\Desktop\\\\AMAZON\\\\amazon-ba\\\\functions\\\\node_modules\\\\firebase-functions\\\\lib\\\\index.js\"}}"}}
[debug] [2021-01-10T11:17:12.991Z] [runtime-status] [7104] Resolved module firebase-functions {"declared":true,"installed":true,"version":"3.13.0","resolution":"C:\\Users\\Administrator\\Desktop\\AMAZON\\amazon-ba\\functions\\node_modules\\firebase-functions\\lib\\index.js"} {"metadata":{"emulator":{"name":"functions"},"function":{"name":"api"},"message":"[runtime-status] [7104] Resolved module firebase-functions {\"declared\":true,\"installed\":true,\"version\":\"3.13.0\",\"resolution\":\"C:\\\\Users\\\\Administrator\\\\Desktop\\\\AMAZON\\\\amazon-ba\\\\functions\\\\node_modules\\\\firebase-functions\\\\lib\\\\index.js\"}"}}
[debug] [2021-01-10T11:17:12.992Z] [runtime-status] [7104] Resolved module firebase-admin {"declared":true,"installed":true,"version":"9.4.2","resolution":"C:\\Users\\Administrator\\Desktop\\AMAZON\\amazon-ba\\functions\\node_modules\\firebase-admin\\lib\\index.js"} {"metadata":{"emulator":{"name":"functions"},"function":{"name":"api"},"message":"[runtime-status] [7104] Resolved module firebase-admin {\"declared\":true,\"installed\":true,\"version\":\"9.4.2\",\"resolution\":\"C:\\\\Users\\\\Administrator\\\\Desktop\\\\AMAZON\\\\amazon-ba\\\\functions\\\\node_modules\\\\firebase-admin\\\\lib\\\\index.js\"}"}}
[debug] [2021-01-10T11:17:12.992Z] [runtime-status] [7104] Resolved module firebase-functions {"declared":true,"installed":true,"version":"3.13.0","resolution":"C:\\Users\\Administrator\\Desktop\\AMAZON\\amazon-ba\\functions\\node_modules\\firebase-functions\\lib\\index.js"} {"metadata":{"emulator":{"name":"functions"},"function":{"name":"api"},"message":"[runtime-status] [7104] Resolved module firebase-functions {\"declared\":true,\"installed\":true,\"version\":\"3.13.0\",\"resolution\":\"C:\\\\Users\\\\Administrator\\\\Desktop\\\\AMAZON\\\\amazon-ba\\\\functions\\\\node_modules\\\\firebase-functions\\\\lib\\\\index.js\"}"}}
[debug] [2021-01-10T11:17:12.992Z] [runtime-status] [7104] firebase-admin has been stubbed. {"adminResolution":{"declared":true,"installed":true,"version":"9.4.2","resolution":"C:\\Users\\Administrator\\Desktop\\AMAZON\\amazon-ba\\functions\\node_modules\\firebase-admin\\lib\\index.js"}} {"metadata":{"emulator":{"name":"functions"},"function":{"name":"api"},"message":"[runtime-status] [7104] firebase-admin has been stubbed. {\"adminResolution\":{\"declared\":true,\"installed\":true,\"version\":\"9.4.2\",\"resolution\":\"C:\\\\Users\\\\Administrator\\\\Desktop\\\\AMAZON\\\\amazon-ba\\\\functions\\\\node_modules\\\\firebase-admin\\\\lib\\\\index.js\"}}"}}
[debug] [2021-01-10T11:17:13.136Z] [runtime-status] [7104] Trigger "api" has been found, beginning invocation! {"metadata":{"emulator":{"name":"functions"},"function":{"name":"api"},"message":"[runtime-status] [7104] Trigger \"api\" has been found, beginning invocation!"}}
[info] i  functions: Beginning execution of "api" {"metadata":{"emulator":{"name":"functions"},"function":{"name":"api"},"message":"Beginning execution of \"api\""}}
[debug] [2021-01-10T11:17:13.137Z] [runtime-status] [7104] triggerDefinition {"httpsTrigger":{},"name":"api","entryPoint":"api"} {"metadata":{"emulator":{"name":"functions"},"function":{"name":"api"},"message":"[runtime-status] [7104] triggerDefinition {\"httpsTrigger\":{},\"name\":\"api\",\"entryPoint\":\"api\"}"}}
[debug] [2021-01-10T11:17:13.137Z] [runtime-status] [7104] Running api in mode HTTPS {"metadata":{"emulator":{"name":"functions"},"function":{"name":"api"},"message":"[runtime-status] [7104] Running api in mode HTTPS"}}
[debug] [2021-01-10T11:17:13.140Z] [runtime-status] [7104] Attempting to listen to socketPath: \\?\pipe\C:\Users\Administrator\Desktop\AMAZON\amazon-ba\functions\7104 {"metadata":{"emulator":{"name":"functions"},"function":{"name":"api"},"message":"[runtime-status] [7104] Attempting to listen to socketPath: \\\\?\\pipe\\C:\\Users\\Administrator\\Desktop\\AMAZON\\amazon-ba\\functions\\7104"}}
[debug] [2021-01-10T11:17:13.143Z] [functions] Runtime ready! Sending request! {"metadata":{"emulator":{"name":"functions"},"message":"[functions] Runtime ready! Sending request!"}}
[debug] [2021-01-10T11:17:13.153Z] [runtime-status] [7104] Ephemeral server handling GET request {"metadata":{"emulator":{"name":"functions"},"function":{"name":"api"},"message":"[runtime-status] [7104] Ephemeral server handling GET request"}}
[debug] [2021-01-10T11:17:13.160Z] [runtime-status] [7104] Ephemeral server survived. {"metadata":{"emulator":{"name":"functions"},"function":{"name":"api"},"message":"[runtime-status] [7104] Ephemeral server survived."}}
[info] i  functions: Finished "api" in ~1s {"metadata":{"emulator":{"name":"functions"},"function":{"name":"api"},"message":"Finished \"api\" in ~1s"}}
[debug] [2021-01-10T11:17:13.162Z] [worker-api-e02248ed-9d04-4716-855e-4f6435cb4343]: IDLE {"metadata":{"emulator":{"name":"functions"},"message":"[worker-api-e02248ed-9d04-4716-855e-4f6435cb4343]: IDLE"}}
[debug] [2021-01-10T11:17:13.162Z] [work-queue] {"queueLength":0,"workRunningCount":0}
[debug] [2021-01-10T11:24:35.810Z] File C:\Users\Administrator\Desktop\AMAZON\amazon-ba\functions\index.js changed, reloading triggers {"metadata":{"emulator":{"name":"functions"},"message":"File C:\\Users\\Administrator\\Desktop\\AMAZON\\amazon-ba\\functions\\index.js changed, reloading triggers"}}
[debug] [2021-01-10T11:24:36.812Z] [worker-pool] Shutting down IDLE worker (~diagnostic~) {"metadata":{"emulator":{"name":"functions"},"message":"[worker-pool] Shutting down IDLE worker (~diagnostic~)"}}
[debug] [2021-01-10T11:24:36.812Z] [worker-~diagnostic~-52c76fcc-60ad-4881-949f-24f7262fa5f5]: FINISHING {"metadata":{"emulator":{"name":"functions"},"message":"[worker-~diagnostic~-52c76fcc-60ad-4881-949f-24f7262fa5f5]: FINISHING"}}
[debug] [2021-01-10T11:24:36.813Z] [worker-pool] Shutting down IDLE worker (api) {"metadata":{"emulator":{"name":"functions"},"message":"[worker-pool] Shutting down IDLE worker (api)"}}
[debug] [2021-01-10T11:24:36.813Z] [worker-api-e02248ed-9d04-4716-855e-4f6435cb4343]: FINISHING {"metadata":{"emulator":{"name":"functions"},"message":"[worker-api-e02248ed-9d04-4716-855e-4f6435cb4343]: FINISHING"}}
[debug] [2021-01-10T11:24:36.818Z] [worker-pool] addWorker(~diagnostic~) {"metadata":{"emulator":{"name":"functions"},"message":"[worker-pool] addWorker(~diagnostic~)"}}
[debug] [2021-01-10T11:24:36.818Z] [worker-pool] Adding worker with key ~diagnostic~, total=2 {"metadata":{"emulator":{"name":"functions"},"message":"[worker-pool] Adding worker with key ~diagnostic~, total=2"}}
[debug] [2021-01-10T11:24:36.818Z] [worker-pool] submitWork(triggerId=) {"metadata":{"emulator":{"name":"functions"},"message":"[worker-pool] submitWork(triggerId=)"}}
[debug] [2021-01-10T11:24:36.819Z] [worker-~diagnostic~-8e95170a-18e7-4fd8-b632-8e786a20e79a]: Assigning socketPath: \\?\pipe\C:\Users\Administrator\Desktop\AMAZON\amazon-ba\functions\14432 {"metadata":{"emulator":{"name":"functions"},"message":"[worker-~diagnostic~-8e95170a-18e7-4fd8-b632-8e786a20e79a]: Assigning socketPath: \\\\?\\pipe\\C:\\Users\\Administrator\\Desktop\\AMAZON\\amazon-ba\\functions\\14432"}}
[debug] [2021-01-10T11:24:36.819Z] [worker-~diagnostic~-8e95170a-18e7-4fd8-b632-8e786a20e79a]: BUSY {"metadata":{"emulator":{"name":"functions"},"message":"[worker-~diagnostic~-8e95170a-18e7-4fd8-b632-8e786a20e79a]: BUSY"}}
[debug] [2021-01-10T11:24:36.822Z] [worker-~diagnostic~-52c76fcc-60ad-4881-949f-24f7262fa5f5]: exited {"metadata":{"emulator":{"name":"functions"},"message":"[worker-~diagnostic~-52c76fcc-60ad-4881-949f-24f7262fa5f5]: exited"}}
[debug] [2021-01-10T11:24:36.823Z] [worker-~diagnostic~-52c76fcc-60ad-4881-949f-24f7262fa5f5]: FINISHED {"metadata":{"emulator":{"name":"functions"},"message":"[worker-~diagnostic~-52c76fcc-60ad-4881-949f-24f7262fa5f5]: FINISHED"}}
[debug] [2021-01-10T11:24:36.823Z] [worker-api-e02248ed-9d04-4716-855e-4f6435cb4343]: exited {"metadata":{"emulator":{"name":"functions"},"message":"[worker-api-e02248ed-9d04-4716-855e-4f6435cb4343]: exited"}}
[debug] [2021-01-10T11:24:36.824Z] [worker-api-e02248ed-9d04-4716-855e-4f6435cb4343]: FINISHED {"metadata":{"emulator":{"name":"functions"},"message":"[worker-api-e02248ed-9d04-4716-855e-4f6435cb4343]: FINISHED"}}
[debug] [2021-01-10T11:24:37.144Z] [runtime-status] [14432] Functions runtime initialized. {"cwd":"C:\\Users\\Administrator\\Desktop\\AMAZON\\amazon-ba\\functions","node_version":"10.16.0"} {"metadata":{"emulator":{"name":"functions"},"message":"[runtime-status] [14432] Functions runtime initialized. {\"cwd\":\"C:\\\\Users\\\\Administrator\\\\Desktop\\\\AMAZON\\\\amazon-ba\\\\functions\",\"node_version\":\"10.16.0\"}"}}
[debug] [2021-01-10T11:24:37.149Z] [runtime-status] [14432] Disabled runtime features: undefined {"metadata":{"emulator":{"name":"functions"},"message":"[runtime-status] [14432] Disabled runtime features: undefined"}}
[debug] [2021-01-10T11:24:37.155Z] [runtime-status] [14432] Resolved module firebase-admin {"declared":true,"installed":true,"version":"9.4.2","resolution":"C:\\Users\\Administrator\\Desktop\\AMAZON\\amazon-ba\\functions\\node_modules\\firebase-admin\\lib\\index.js"} {"metadata":{"emulator":{"name":"functions"},"message":"[runtime-status] [14432] Resolved module firebase-admin {\"declared\":true,\"installed\":true,\"version\":\"9.4.2\",\"resolution\":\"C:\\\\Users\\\\Administrator\\\\Desktop\\\\AMAZON\\\\amazon-ba\\\\functions\\\\node_modules\\\\firebase-admin\\\\lib\\\\index.js\"}"}}
[debug] [2021-01-10T11:24:37.158Z] [runtime-status] [14432] Resolved module firebase-functions {"declared":true,"installed":true,"version":"3.13.0","resolution":"C:\\Users\\Administrator\\Desktop\\AMAZON\\amazon-ba\\functions\\node_modules\\firebase-functions\\lib\\index.js"} {"metadata":{"emulator":{"name":"functions"},"message":"[runtime-status] [14432] Resolved module firebase-functions {\"declared\":true,\"installed\":true,\"version\":\"3.13.0\",\"resolution\":\"C:\\\\Users\\\\Administrator\\\\Desktop\\\\AMAZON\\\\amazon-ba\\\\functions\\\\node_modules\\\\firebase-functions\\\\lib\\\\index.js\"}"}}
[debug] [2021-01-10T11:24:37.160Z] [runtime-status] [14432] Resolved module firebase-functions {"declared":true,"installed":true,"version":"3.13.0","resolution":"C:\\Users\\Administrator\\Desktop\\AMAZON\\amazon-ba\\functions\\node_modules\\firebase-functions\\lib\\index.js"} {"metadata":{"emulator":{"name":"functions"},"message":"[runtime-status] [14432] Resolved module firebase-functions {\"declared\":true,\"installed\":true,\"version\":\"3.13.0\",\"resolution\":\"C:\\\\Users\\\\Administrator\\\\Desktop\\\\AMAZON\\\\amazon-ba\\\\functions\\\\node_modules\\\\firebase-functions\\\\lib\\\\index.js\"}"}}
[debug] [2021-01-10T11:24:37.173Z] [runtime-status] [14432] Outgoing network have been stubbed. [{"name":"http","status":"mocked"},{"name":"http","status":"mocked"},{"name":"https","status":"mocked"},{"name":"https","status":"mocked"},{"name":"net","status":"mocked"}] {"metadata":{"emulator":{"name":"functions"},"message":"[runtime-status] [14432] Outgoing network have been stubbed. [{\"name\":\"http\",\"status\":\"mocked\"},{\"name\":\"http\",\"status\":\"mocked\"},{\"name\":\"https\",\"status\":\"mocked\"},{\"name\":\"https\",\"status\":\"mocked\"},{\"name\":\"net\",\"status\":\"mocked\"}]"}}
[debug] [2021-01-10T11:24:37.175Z] [runtime-status] [14432] Resolved module firebase-functions {"declared":true,"installed":true,"version":"3.13.0","resolution":"C:\\Users\\Administrator\\Desktop\\AMAZON\\amazon-ba\\functions\\node_modules\\firebase-functions\\lib\\index.js"} {"metadata":{"emulator":{"name":"functions"},"message":"[runtime-status] [14432] Resolved module firebase-functions {\"declared\":true,\"installed\":true,\"version\":\"3.13.0\",\"resolution\":\"C:\\\\Users\\\\Administrator\\\\Desktop\\\\AMAZON\\\\amazon-ba\\\\functions\\\\node_modules\\\\firebase-functions\\\\lib\\\\index.js\"}"}}
[debug] [2021-01-10T11:24:37.370Z] [runtime-status] [14432] Checked functions.config() {"config":{}} {"metadata":{"emulator":{"name":"functions"},"message":"[runtime-status] [14432] Checked functions.config() {\"config\":{}}"}}
[debug] [2021-01-10T11:24:37.370Z] [runtime-status] [14432] firebase-functions has been stubbed. {"functionsResolution":{"declared":true,"installed":true,"version":"3.13.0","resolution":"C:\\Users\\Administrator\\Desktop\\AMAZON\\amazon-ba\\functions\\node_modules\\firebase-functions\\lib\\index.js"}} {"metadata":{"emulator":{"name":"functions"},"message":"[runtime-status] [14432] firebase-functions has been stubbed. {\"functionsResolution\":{\"declared\":true,\"installed\":true,\"version\":\"3.13.0\",\"resolution\":\"C:\\\\Users\\\\Administrator\\\\Desktop\\\\AMAZON\\\\amazon-ba\\\\functions\\\\node_modules\\\\firebase-functions\\\\lib\\\\index.js\"}}"}}
[debug] [2021-01-10T11:24:37.371Z] [runtime-status] [14432] Resolved module firebase-functions {"declared":true,"installed":true,"version":"3.13.0","resolution":"C:\\Users\\Administrator\\Desktop\\AMAZON\\amazon-ba\\functions\\node_modules\\firebase-functions\\lib\\index.js"} {"metadata":{"emulator":{"name":"functions"},"message":"[runtime-status] [14432] Resolved module firebase-functions {\"declared\":true,\"installed\":true,\"version\":\"3.13.0\",\"resolution\":\"C:\\\\Users\\\\Administrator\\\\Desktop\\\\AMAZON\\\\amazon-ba\\\\functions\\\\node_modules\\\\firebase-functions\\\\lib\\\\index.js\"}"}}
[debug] [2021-01-10T11:24:37.373Z] [runtime-status] [14432] Resolved module firebase-admin {"declared":true,"installed":true,"version":"9.4.2","resolution":"C:\\Users\\Administrator\\Desktop\\AMAZON\\amazon-ba\\functions\\node_modules\\firebase-admin\\lib\\index.js"} {"metadata":{"emulator":{"name":"functions"},"message":"[runtime-status] [14432] Resolved module firebase-admin {\"declared\":true,\"installed\":true,\"version\":\"9.4.2\",\"resolution\":\"C:\\\\Users\\\\Administrator\\\\Desktop\\\\AMAZON\\\\amazon-ba\\\\functions\\\\node_modules\\\\firebase-admin\\\\lib\\\\index.js\"}"}}
[debug] [2021-01-10T11:24:37.374Z] [runtime-status] [14432] Resolved module firebase-functions {"declared":true,"installed":true,"version":"3.13.0","resolution":"C:\\Users\\Administrator\\Desktop\\AMAZON\\amazon-ba\\functions\\node_modules\\firebase-functions\\lib\\index.js"} {"metadata":{"emulator":{"name":"functions"},"message":"[runtime-status] [14432] Resolved module firebase-functions {\"declared\":true,\"installed\":true,\"version\":\"3.13.0\",\"resolution\":\"C:\\\\Users\\\\Administrator\\\\Desktop\\\\AMAZON\\\\amazon-ba\\\\functions\\\\node_modules\\\\firebase-functions\\\\lib\\\\index.js\"}"}}
[debug] [2021-01-10T11:24:37.375Z] [runtime-status] [14432] firebase-admin has been stubbed. {"adminResolution":{"declared":true,"installed":true,"version":"9.4.2","resolution":"C:\\Users\\Administrator\\Desktop\\AMAZON\\amazon-ba\\functions\\node_modules\\firebase-admin\\lib\\index.js"}} {"metadata":{"emulator":{"name":"functions"},"message":"[runtime-status] [14432] firebase-admin has been stubbed. {\"adminResolution\":{\"declared\":true,\"installed\":true,\"version\":\"9.4.2\",\"resolution\":\"C:\\\\Users\\\\Administrator\\\\Desktop\\\\AMAZON\\\\amazon-ba\\\\functions\\\\node_modules\\\\firebase-admin\\\\lib\\\\index.js\"}}"}}
[debug] [2021-01-10T11:24:37.621Z] [worker-~diagnostic~-8e95170a-18e7-4fd8-b632-8e786a20e79a]: IDLE {"metadata":{"emulator":{"name":"functions"},"message":"[worker-~diagnostic~-8e95170a-18e7-4fd8-b632-8e786a20e79a]: IDLE"}}
[debug] [2021-01-10T11:26:16.966Z] File C:\Users\Administrator\Desktop\AMAZON\amazon-ba\functions\index.js changed, reloading triggers {"metadata":{"emulator":{"name":"functions"},"message":"File C:\\Users\\Administrator\\Desktop\\AMAZON\\amazon-ba\\functions\\index.js changed, reloading triggers"}}
[debug] [2021-01-10T11:26:17.969Z] [worker-pool] Shutting down IDLE worker (~diagnostic~) {"metadata":{"emulator":{"name":"functions"},"message":"[worker-pool] Shutting down IDLE worker (~diagnostic~)"}}
[debug] [2021-01-10T11:26:17.971Z] [worker-~diagnostic~-8e95170a-18e7-4fd8-b632-8e786a20e79a]: FINISHING {"metadata":{"emulator":{"name":"functions"},"message":"[worker-~diagnostic~-8e95170a-18e7-4fd8-b632-8e786a20e79a]: FINISHING"}}
[debug] [2021-01-10T11:26:17.972Z] [worker-pool] Cleaned up workers for ~diagnostic~: 2 --> 1 {"metadata":{"emulator":{"name":"functions"},"message":"[worker-pool] Cleaned up workers for ~diagnostic~: 2 --> 1"}}
[debug] [2021-01-10T11:26:17.972Z] [worker-pool] Cleaned up workers for api: 1 --> 0 {"metadata":{"emulator":{"name":"functions"},"message":"[worker-pool] Cleaned up workers for api: 1 --> 0"}}
[debug] [2021-01-10T11:26:17.977Z] [worker-pool] addWorker(~diagnostic~) {"metadata":{"emulator":{"name":"functions"},"message":"[worker-pool] addWorker(~diagnostic~)"}}
[debug] [2021-01-10T11:26:17.977Z] [worker-pool] Adding worker with key ~diagnostic~, total=2 {"metadata":{"emulator":{"name":"functions"},"message":"[worker-pool] Adding worker with key ~diagnostic~, total=2"}}
[debug] [2021-01-10T11:26:17.977Z] [worker-pool] submitWork(triggerId=) {"metadata":{"emulator":{"name":"functions"},"message":"[worker-pool] submitWork(triggerId=)"}}
[debug] [2021-01-10T11:26:17.978Z] [worker-~diagnostic~-0b6bc004-ae15-44f0-b555-634a5ebd242b]: Assigning socketPath: \\?\pipe\C:\Users\Administrator\Desktop\AMAZON\amazon-ba\functions\6140 {"metadata":{"emulator":{"name":"functions"},"message":"[worker-~diagnostic~-0b6bc004-ae15-44f0-b555-634a5ebd242b]: Assigning socketPath: \\\\?\\pipe\\C:\\Users\\Administrator\\Desktop\\AMAZON\\amazon-ba\\functions\\6140"}}
[debug] [2021-01-10T11:26:17.978Z] [worker-~diagnostic~-0b6bc004-ae15-44f0-b555-634a5ebd242b]: BUSY {"metadata":{"emulator":{"name":"functions"},"message":"[worker-~diagnostic~-0b6bc004-ae15-44f0-b555-634a5ebd242b]: BUSY"}}
[debug] [2021-01-10T11:26:17.980Z] [worker-~diagnostic~-8e95170a-18e7-4fd8-b632-8e786a20e79a]: exited {"metadata":{"emulator":{"name":"functions"},"message":"[worker-~diagnostic~-8e95170a-18e7-4fd8-b632-8e786a20e79a]: exited"}}
[debug] [2021-01-10T11:26:17.980Z] [worker-~diagnostic~-8e95170a-18e7-4fd8-b632-8e786a20e79a]: FINISHED {"metadata":{"emulator":{"name":"functions"},"message":"[worker-~diagnostic~-8e95170a-18e7-4fd8-b632-8e786a20e79a]: FINISHED"}}
[debug] [2021-01-10T11:26:18.394Z] [runtime-status] [6140] Functions runtime initialized. {"cwd":"C:\\Users\\Administrator\\Desktop\\AMAZON\\amazon-ba\\functions","node_version":"10.16.0"} {"metadata":{"emulator":{"name":"functions"},"message":"[runtime-status] [6140] Functions runtime initialized. {\"cwd\":\"C:\\\\Users\\\\Administrator\\\\Desktop\\\\AMAZON\\\\amazon-ba\\\\functions\",\"node_version\":\"10.16.0\"}"}}
[debug] [2021-01-10T11:26:18.397Z] [runtime-status] [6140] Disabled runtime features: undefined {"metadata":{"emulator":{"name":"functions"},"message":"[runtime-status] [6140] Disabled runtime features: undefined"}}
[debug] [2021-01-10T11:26:18.411Z] [runtime-status] [6140] Resolved module firebase-admin {"declared":true,"installed":true,"version":"9.4.2","resolution":"C:\\Users\\Administrator\\Desktop\\AMAZON\\amazon-ba\\functions\\node_modules\\firebase-admin\\lib\\index.js"} {"metadata":{"emulator":{"name":"functions"},"message":"[runtime-status] [6140] Resolved module firebase-admin {\"declared\":true,\"installed\":true,\"version\":\"9.4.2\",\"resolution\":\"C:\\\\Users\\\\Administrator\\\\Desktop\\\\AMAZON\\\\amazon-ba\\\\functions\\\\node_modules\\\\firebase-admin\\\\lib\\\\index.js\"}"}}
[debug] [2021-01-10T11:26:18.413Z] [runtime-status] [6140] Resolved module firebase-functions {"declared":true,"installed":true,"version":"3.13.0","resolution":"C:\\Users\\Administrator\\Desktop\\AMAZON\\amazon-ba\\functions\\node_modules\\firebase-functions\\lib\\index.js"} {"metadata":{"emulator":{"name":"functions"},"message":"[runtime-status] [6140] Resolved module firebase-functions {\"declared\":true,\"installed\":true,\"version\":\"3.13.0\",\"resolution\":\"C:\\\\Users\\\\Administrator\\\\Desktop\\\\AMAZON\\\\amazon-ba\\\\functions\\\\node_modules\\\\firebase-functions\\\\lib\\\\index.js\"}"}}
[debug] [2021-01-10T11:26:18.415Z] [runtime-status] [6140] Resolved module firebase-functions {"declared":true,"installed":true,"version":"3.13.0","resolution":"C:\\Users\\Administrator\\Desktop\\AMAZON\\amazon-ba\\functions\\node_modules\\firebase-functions\\lib\\index.js"} {"metadata":{"emulator":{"name":"functions"},"message":"[runtime-status] [6140] Resolved module firebase-functions {\"declared\":true,\"installed\":true,\"version\":\"3.13.0\",\"resolution\":\"C:\\\\Users\\\\Administrator\\\\Desktop\\\\AMAZON\\\\amazon-ba\\\\functions\\\\node_modules\\\\firebase-functions\\\\lib\\\\index.js\"}"}}
[debug] [2021-01-10T11:26:18.426Z] [runtime-status] [6140] Outgoing network have been stubbed. [{"name":"http","status":"mocked"},{"name":"http","status":"mocked"},{"name":"https","status":"mocked"},{"name":"https","status":"mocked"},{"name":"net","status":"mocked"}] {"metadata":{"emulator":{"name":"functions"},"message":"[runtime-status] [6140] Outgoing network have been stubbed. [{\"name\":\"http\",\"status\":\"mocked\"},{\"name\":\"http\",\"status\":\"mocked\"},{\"name\":\"https\",\"status\":\"mocked\"},{\"name\":\"https\",\"status\":\"mocked\"},{\"name\":\"net\",\"status\":\"mocked\"}]"}}
[debug] [2021-01-10T11:26:18.427Z] [runtime-status] [6140] Resolved module firebase-functions {"declared":true,"installed":true,"version":"3.13.0","resolution":"C:\\Users\\Administrator\\Desktop\\AMAZON\\amazon-ba\\functions\\node_modules\\firebase-functions\\lib\\index.js"} {"metadata":{"emulator":{"name":"functions"},"message":"[runtime-status] [6140] Resolved module firebase-functions {\"declared\":true,\"installed\":true,\"version\":\"3.13.0\",\"resolution\":\"C:\\\\Users\\\\Administrator\\\\Desktop\\\\AMAZON\\\\amazon-ba\\\\functions\\\\node_modules\\\\firebase-functions\\\\lib\\\\index.js\"}"}}
[debug] [2021-01-10T11:26:18.510Z] [runtime-status] [6140] Checked functions.config() {"config":{}} {"metadata":{"emulator":{"name":"functions"},"message":"[runtime-status] [6140] Checked functions.config() {\"config\":{}}"}}
[debug] [2021-01-10T11:26:18.511Z] [runtime-status] [6140] firebase-functions has been stubbed. {"functionsResolution":{"declared":true,"installed":true,"version":"3.13.0","resolution":"C:\\Users\\Administrator\\Desktop\\AMAZON\\amazon-ba\\functions\\node_modules\\firebase-functions\\lib\\index.js"}} {"metadata":{"emulator":{"name":"functions"},"message":"[runtime-status] [6140] firebase-functions has been stubbed. {\"functionsResolution\":{\"declared\":true,\"installed\":true,\"version\":\"3.13.0\",\"resolution\":\"C:\\\\Users\\\\Administrator\\\\Desktop\\\\AMAZON\\\\amazon-ba\\\\functions\\\\node_modules\\\\firebase-functions\\\\lib\\\\index.js\"}}"}}
[debug] [2021-01-10T11:26:18.511Z] [runtime-status] [6140] Resolved module firebase-functions {"declared":true,"installed":true,"version":"3.13.0","resolution":"C:\\Users\\Administrator\\Desktop\\AMAZON\\amazon-ba\\functions\\node_modules\\firebase-functions\\lib\\index.js"} {"metadata":{"emulator":{"name":"functions"},"message":"[runtime-status] [6140] Resolved module firebase-functions {\"declared\":true,\"installed\":true,\"version\":\"3.13.0\",\"resolution\":\"C:\\\\Users\\\\Administrator\\\\Desktop\\\\AMAZON\\\\amazon-ba\\\\functions\\\\node_modules\\\\firebase-functions\\\\lib\\\\index.js\"}"}}
[debug] [2021-01-10T11:26:18.512Z] [runtime-status] [6140] Resolved module firebase-admin {"declared":true,"installed":true,"version":"9.4.2","resolution":"C:\\Users\\Administrator\\Desktop\\AMAZON\\amazon-ba\\functions\\node_modules\\firebase-admin\\lib\\index.js"} {"metadata":{"emulator":{"name":"functions"},"message":"[runtime-status] [6140] Resolved module firebase-admin {\"declared\":true,\"installed\":true,\"version\":\"9.4.2\",\"resolution\":\"C:\\\\Users\\\\Administrator\\\\Desktop\\\\AMAZON\\\\amazon-ba\\\\functions\\\\node_modules\\\\firebase-admin\\\\lib\\\\index.js\"}"}}
[debug] [2021-01-10T11:26:18.513Z] [runtime-status] [6140] Resolved module firebase-functions {"declared":true,"installed":true,"version":"3.13.0","resolution":"C:\\Users\\Administrator\\Desktop\\AMAZON\\amazon-ba\\functions\\node_modules\\firebase-functions\\lib\\index.js"} {"metadata":{"emulator":{"name":"functions"},"message":"[runtime-status] [6140] Resolved module firebase-functions {\"declared\":true,\"installed\":true,\"version\":\"3.13.0\",\"resolution\":\"C:\\\\Users\\\\Administrator\\\\Desktop\\\\AMAZON\\\\amazon-ba\\\\functions\\\\node_modules\\\\firebase-functions\\\\lib\\\\index.js\"}"}}
[debug] [2021-01-10T11:26:18.513Z] [runtime-status] [6140] firebase-admin has been stubbed. {"adminResolution":{"declared":true,"installed":true,"version":"9.4.2","resolution":"C:\\Users\\Administrator\\Desktop\\AMAZON\\amazon-ba\\functions\\node_modules\\firebase-admin\\lib\\index.js"}} {"metadata":{"emulator":{"name":"functions"},"message":"[runtime-status] [6140] firebase-admin has been stubbed. {\"adminResolution\":{\"declared\":true,\"installed\":true,\"version\":\"9.4.2\",\"resolution\":\"C:\\\\Users\\\\Administrator\\\\Desktop\\\\AMAZON\\\\amazon-ba\\\\functions\\\\node_modules\\\\firebase-admin\\\\lib\\\\index.js\"}}"}}
[debug] [2021-01-10T11:26:18.709Z] [worker-~diagnostic~-0b6bc004-ae15-44f0-b555-634a5ebd242b]: IDLE {"metadata":{"emulator":{"name":"functions"},"message":"[worker-~diagnostic~-0b6bc004-ae15-44f0-b555-634a5ebd242b]: IDLE"}}
[debug] [2021-01-11T11:14:09.887Z] [work-queue] {"queueLength":1,"workRunningCount":0}
[debug] [2021-01-11T11:14:09.888Z] [work-queue] {"queueLength":0,"workRunningCount":1}
[debug] [2021-01-11T11:14:09.888Z] Accepted request POST /ba-d4cd7/us-central1/api/payments/create?total=5998 --> api
[debug] [2021-01-11T11:14:09.888Z] [worker-pool] Cleaned up workers for ~diagnostic~: 2 --> 1 {"metadata":{"emulator":{"name":"functions"},"message":"[worker-pool] Cleaned up workers for ~diagnostic~: 2 --> 1"}}
[debug] [2021-01-11T11:14:09.894Z] [worker-pool] addWorker(api) {"metadata":{"emulator":{"name":"functions"},"message":"[worker-pool] addWorker(api)"}}
[debug] [2021-01-11T11:14:09.895Z] [worker-pool] Adding worker with key api, total=1 {"metadata":{"emulator":{"name":"functions"},"message":"[worker-pool] Adding worker with key api, total=1"}}
[debug] [2021-01-11T11:14:09.895Z] [worker-pool] submitWork(triggerId=api) {"metadata":{"emulator":{"name":"functions"},"message":"[worker-pool] submitWork(triggerId=api)"}}
[debug] [2021-01-11T11:14:09.895Z] [worker-api-dd23ece5-2471-49c0-9a35-854e69cb25a6]: Assigning socketPath: \\?\pipe\C:\Users\Administrator\Desktop\AMAZON\amazon-ba\functions\13716 {"metadata":{"emulator":{"name":"functions"},"message":"[worker-api-dd23ece5-2471-49c0-9a35-854e69cb25a6]: Assigning socketPath: \\\\?\\pipe\\C:\\Users\\Administrator\\Desktop\\AMAZON\\amazon-ba\\functions\\13716"}}
[debug] [2021-01-11T11:14:09.895Z] [worker-api-dd23ece5-2471-49c0-9a35-854e69cb25a6]: BUSY {"metadata":{"emulator":{"name":"functions"},"message":"[worker-api-dd23ece5-2471-49c0-9a35-854e69cb25a6]: BUSY"}}
[debug] [2021-01-11T11:14:10.229Z] [runtime-status] [13716] Functions runtime initialized. {"cwd":"C:\\Users\\Administrator\\Desktop\\AMAZON\\amazon-ba\\functions","node_version":"10.16.0"} {"metadata":{"emulator":{"name":"functions"},"function":{"name":"api"},"message":"[runtime-status] [13716] Functions runtime initialized. {\"cwd\":\"C:\\\\Users\\\\Administrator\\\\Desktop\\\\AMAZON\\\\amazon-ba\\\\functions\",\"node_version\":\"10.16.0\"}"}}
[debug] [2021-01-11T11:14:10.232Z] [runtime-status] [13716] Disabled runtime features: undefined {"metadata":{"emulator":{"name":"functions"},"function":{"name":"api"},"message":"[runtime-status] [13716] Disabled runtime features: undefined"}}
[debug] [2021-01-11T11:14:10.237Z] [runtime-status] [13716] Resolved module firebase-admin {"declared":true,"installed":true,"version":"9.4.2","resolution":"C:\\Users\\Administrator\\Desktop\\AMAZON\\amazon-ba\\functions\\node_modules\\firebase-admin\\lib\\index.js"} {"metadata":{"emulator":{"name":"functions"},"function":{"name":"api"},"message":"[runtime-status] [13716] Resolved module firebase-admin {\"declared\":true,\"installed\":true,\"version\":\"9.4.2\",\"resolution\":\"C:\\\\Users\\\\Administrator\\\\Desktop\\\\AMAZON\\\\amazon-ba\\\\functions\\\\node_modules\\\\firebase-admin\\\\lib\\\\index.js\"}"}}
[debug] [2021-01-11T11:14:10.239Z] [runtime-status] [13716] Resolved module firebase-functions {"declared":true,"installed":true,"version":"3.13.0","resolution":"C:\\Users\\Administrator\\Desktop\\AMAZON\\amazon-ba\\functions\\node_modules\\firebase-functions\\lib\\index.js"} {"metadata":{"emulator":{"name":"functions"},"function":{"name":"api"},"message":"[runtime-status] [13716] Resolved module firebase-functions {\"declared\":true,\"installed\":true,\"version\":\"3.13.0\",\"resolution\":\"C:\\\\Users\\\\Administrator\\\\Desktop\\\\AMAZON\\\\amazon-ba\\\\functions\\\\node_modules\\\\firebase-functions\\\\lib\\\\index.js\"}"}}
[debug] [2021-01-11T11:14:10.240Z] [runtime-status] [13716] Resolved module firebase-functions {"declared":true,"installed":true,"version":"3.13.0","resolution":"C:\\Users\\Administrator\\Desktop\\AMAZON\\amazon-ba\\functions\\node_modules\\firebase-functions\\lib\\index.js"} {"metadata":{"emulator":{"name":"functions"},"function":{"name":"api"},"message":"[runtime-status] [13716] Resolved module firebase-functions {\"declared\":true,\"installed\":true,\"version\":\"3.13.0\",\"resolution\":\"C:\\\\Users\\\\Administrator\\\\Desktop\\\\AMAZON\\\\amazon-ba\\\\functions\\\\node_modules\\\\firebase-functions\\\\lib\\\\index.js\"}"}}
[debug] [2021-01-11T11:14:10.244Z] [runtime-status] [13716] Outgoing network have been stubbed. [{"name":"http","status":"mocked"},{"name":"http","status":"mocked"},{"name":"https","status":"mocked"},{"name":"https","status":"mocked"},{"name":"net","status":"mocked"}] {"metadata":{"emulator":{"name":"functions"},"function":{"name":"api"},"message":"[runtime-status] [13716] Outgoing network have been stubbed. [{\"name\":\"http\",\"status\":\"mocked\"},{\"name\":\"http\",\"status\":\"mocked\"},{\"name\":\"https\",\"status\":\"mocked\"},{\"name\":\"https\",\"status\":\"mocked\"},{\"name\":\"net\",\"status\":\"mocked\"}]"}}
[debug] [2021-01-11T11:14:10.244Z] [runtime-status] [13716] Resolved module firebase-functions {"declared":true,"installed":true,"version":"3.13.0","resolution":"C:\\Users\\Administrator\\Desktop\\AMAZON\\amazon-ba\\functions\\node_modules\\firebase-functions\\lib\\index.js"} {"metadata":{"emulator":{"name":"functions"},"function":{"name":"api"},"message":"[runtime-status] [13716] Resolved module firebase-functions {\"declared\":true,\"installed\":true,\"version\":\"3.13.0\",\"resolution\":\"C:\\\\Users\\\\Administrator\\\\Desktop\\\\AMAZON\\\\amazon-ba\\\\functions\\\\node_modules\\\\firebase-functions\\\\lib\\\\index.js\"}"}}
[debug] [2021-01-11T11:14:10.313Z] [runtime-status] [13716] Checked functions.config() {"config":{}} {"metadata":{"emulator":{"name":"functions"},"function":{"name":"api"},"message":"[runtime-status] [13716] Checked functions.config() {\"config\":{}}"}}
[debug] [2021-01-11T11:14:10.313Z] [runtime-status] [13716] firebase-functions has been stubbed. {"functionsResolution":{"declared":true,"installed":true,"version":"3.13.0","resolution":"C:\\Users\\Administrator\\Desktop\\AMAZON\\amazon-ba\\functions\\node_modules\\firebase-functions\\lib\\index.js"}} {"metadata":{"emulator":{"name":"functions"},"function":{"name":"api"},"message":"[runtime-status] [13716] firebase-functions has been stubbed. {\"functionsResolution\":{\"declared\":true,\"installed\":true,\"version\":\"3.13.0\",\"resolution\":\"C:\\\\Users\\\\Administrator\\\\Desktop\\\\AMAZON\\\\amazon-ba\\\\functions\\\\node_modules\\\\firebase-functions\\\\lib\\\\index.js\"}}"}}
[debug] [2021-01-11T11:14:10.313Z] [runtime-status] [13716] Resolved module firebase-functions {"declared":true,"installed":true,"version":"3.13.0","resolution":"C:\\Users\\Administrator\\Desktop\\AMAZON\\amazon-ba\\functions\\node_modules\\firebase-functions\\lib\\index.js"} {"metadata":{"emulator":{"name":"functions"},"function":{"name":"api"},"message":"[runtime-status] [13716] Resolved module firebase-functions {\"declared\":true,\"installed\":true,\"version\":\"3.13.0\",\"resolution\":\"C:\\\\Users\\\\Administrator\\\\Desktop\\\\AMAZON\\\\amazon-ba\\\\functions\\\\node_modules\\\\firebase-functions\\\\lib\\\\index.js\"}"}}
[debug] [2021-01-11T11:14:10.314Z] [runtime-status] [13716] Resolved module firebase-admin {"declared":true,"installed":true,"version":"9.4.2","resolution":"C:\\Users\\Administrator\\Desktop\\AMAZON\\amazon-ba\\functions\\node_modules\\firebase-admin\\lib\\index.js"} {"metadata":{"emulator":{"name":"functions"},"function":{"name":"api"},"message":"[runtime-status] [13716] Resolved module firebase-admin {\"declared\":true,\"installed\":true,\"version\":\"9.4.2\",\"resolution\":\"C:\\\\Users\\\\Administrator\\\\Desktop\\\\AMAZON\\\\amazon-ba\\\\functions\\\\node_modules\\\\firebase-admin\\\\lib\\\\index.js\"}"}}
[debug] [2021-01-11T11:14:10.315Z] [runtime-status] [13716] Resolved module firebase-functions {"declared":true,"installed":true,"version":"3.13.0","resolution":"C:\\Users\\Administrator\\Desktop\\AMAZON\\amazon-ba\\functions\\node_modules\\firebase-functions\\lib\\index.js"} {"metadata":{"emulator":{"name":"functions"},"function":{"name":"api"},"message":"[runtime-status] [13716] Resolved module firebase-functions {\"declared\":true,\"installed\":true,\"version\":\"3.13.0\",\"resolution\":\"C:\\\\Users\\\\Administrator\\\\Desktop\\\\AMAZON\\\\amazon-ba\\\\functions\\\\node_modules\\\\firebase-functions\\\\lib\\\\index.js\"}"}}
[debug] [2021-01-11T11:14:10.315Z] [runtime-status] [13716] firebase-admin has been stubbed. {"adminResolution":{"declared":true,"installed":true,"version":"9.4.2","resolution":"C:\\Users\\Administrator\\Desktop\\AMAZON\\amazon-ba\\functions\\node_modules\\firebase-admin\\lib\\index.js"}} {"metadata":{"emulator":{"name":"functions"},"function":{"name":"api"},"message":"[runtime-status] [13716] firebase-admin has been stubbed. {\"adminResolution\":{\"declared\":true,\"installed\":true,\"version\":\"9.4.2\",\"resolution\":\"C:\\\\Users\\\\Administrator\\\\Desktop\\\\AMAZON\\\\amazon-ba\\\\functions\\\\node_modules\\\\firebase-admin\\\\lib\\\\index.js\"}}"}}
[debug] [2021-01-11T11:14:10.551Z] [runtime-status] [13716] Trigger "api" has been found, beginning invocation! {"metadata":{"emulator":{"name":"functions"},"function":{"name":"api"},"message":"[runtime-status] [13716] Trigger \"api\" has been found, beginning invocation!"}}
[info] i  functions: Beginning execution of "api" {"metadata":{"emulator":{"name":"functions"},"function":{"name":"api"},"message":"Beginning execution of \"api\""}}
[debug] [2021-01-11T11:14:10.553Z] [runtime-status] [13716] triggerDefinition {"httpsTrigger":{},"name":"api","entryPoint":"api"} {"metadata":{"emulator":{"name":"functions"},"function":{"name":"api"},"message":"[runtime-status] [13716] triggerDefinition {\"httpsTrigger\":{},\"name\":\"api\",\"entryPoint\":\"api\"}"}}
[debug] [2021-01-11T11:14:10.553Z] [runtime-status] [13716] Running api in mode HTTPS {"metadata":{"emulator":{"name":"functions"},"function":{"name":"api"},"message":"[runtime-status] [13716] Running api in mode HTTPS"}}
[debug] [2021-01-11T11:14:10.555Z] [runtime-status] [13716] Attempting to listen to socketPath: \\?\pipe\C:\Users\Administrator\Desktop\AMAZON\amazon-ba\functions\13716 {"metadata":{"emulator":{"name":"functions"},"function":{"name":"api"},"message":"[runtime-status] [13716] Attempting to listen to socketPath: \\\\?\\pipe\\C:\\Users\\Administrator\\Desktop\\AMAZON\\amazon-ba\\functions\\13716"}}
[debug] [2021-01-11T11:14:10.562Z] [functions] Runtime ready! Sending request! {"metadata":{"emulator":{"name":"functions"},"message":"[functions] Runtime ready! Sending request!"}}
[debug] [2021-01-11T11:14:10.572Z] [runtime-status] [13716] Ephemeral server handling POST request {"metadata":{"emulator":{"name":"functions"},"function":{"name":"api"},"message":"[runtime-status] [13716] Ephemeral server handling POST request"}}
[info] >  payment ////////  5998 {"user":"payment ////////  5998","metadata":{"emulator":{"name":"functions"},"function":{"name":"api"},"message":"\u001b[90m> \u001b[39m payment ////////  5998"}}
[debug] [2021-01-11T11:14:10.584Z] [runtime-status] [13716] Ephemeral server survived. {"metadata":{"emulator":{"name":"functions"},"function":{"name":"api"},"message":"[runtime-status] [13716] Ephemeral server survived."}}
[info] i  functions: Finished "api" in ~1s {"metadata":{"emulator":{"name":"functions"},"function":{"name":"api"},"message":"Finished \"api\" in ~1s"}}
[debug] [2021-01-11T11:14:11.494Z] [worker-api-dd23ece5-2471-49c0-9a35-854e69cb25a6]: IDLE {"metadata":{"emulator":{"name":"functions"},"message":"[worker-api-dd23ece5-2471-49c0-9a35-854e69cb25a6]: IDLE"}}
[debug] [2021-01-11T11:14:11.494Z] [work-queue] {"queueLength":0,"workRunningCount":0}
